<?xml version="1.0" encoding="UTF-8"?>
<!-- Generated by org.testng.reporters.JUnitReportReporter -->
<testsuite hostname="DESKTOP-U33MU1L" failures="0" tests="4" name="parallelTestCases.CategoryTC" time="18.813" errors="0" timestamp="2024-07-03T12:38:06 IST" skipped="0">
  <testcase classname="parallelTestCases.CategoryTC" name="logIn" time="5.361"/>
  <testcase classname="parallelTestCases.CategoryTC" name="add_category" time="3.353"/>
  <testcase classname="parallelTestCases.CategoryTC" name="SearchCategory" time="4.307"/>
  <testcase classname="parallelTestCases.CategoryTC" name="deleteCategory" time="5.792"/>
</testsuite> <!-- parallelTestCases.CategoryTC -->
