<?xml version="1.0" encoding="UTF-8"?>
<!-- Generated by org.testng.reporters.JUnitReportReporter -->
<testsuite hostname="DESKTOP-F4KG0T8" failures="0" tests="1" name="testCases.Login" time="17.850" errors="0" timestamp="2024-07-04T01:05:36 IST" skipped="0">
  <testcase classname="testCases.Login" name="ValidatelogIn" time="17.850"/>
</testsuite> <!-- testCases.Login -->
