<?xml version="1.0" encoding="UTF-8"?>
<!-- Generated by org.testng.reporters.JUnitReportReporter -->
<testsuite hostname="DESKTOP-U33MU1L" failures="0" tests="1" name="projectTestCases.Login" time="3.769" errors="0" timestamp="2024-06-24T22:01:34 IST" skipped="0">
  <testcase classname="projectTestCases.Login" name="logIn" time="3.769"/>
</testsuite> <!-- projectTestCases.Login -->
