<?xml version="1.0" encoding="UTF-8"?>
<!-- Generated by org.testng.reporters.JUnitReportReporter -->
<testsuite hostname="DESKTOP-U33MU1L" failures="0" tests="1" name="crossBrowser.Login" time="3.431" errors="0" timestamp="2024-07-03T19:33:50 IST" skipped="0">
  <testcase classname="crossBrowser.Login" name="logIn" time="3.431"/>
</testsuite> <!-- crossBrowser.Login -->
