<?xml version="1.0" encoding="UTF-8"?>
<!-- Generated by org.testng.reporters.JUnitReportReporter -->
<testsuite hostname="DESKTOP-U33MU1L" failures="0" tests="3" name="sequential.CategoryTC" time="17.146" errors="0" timestamp="2024-07-03T11:17:57 IST" skipped="0">
  <testcase classname="sequential.CategoryTC" name="add_category" time="6.116"/>
  <testcase classname="sequential.CategoryTC" name="SearchCategory" time="4.334"/>
  <testcase classname="sequential.CategoryTC" name="deleteCategory" time="6.696"/>
</testsuite> <!-- sequential.CategoryTC -->
