<?xml version="1.0" encoding="UTF-8"?>
<!-- Generated by org.testng.reporters.JUnitReportReporter -->
<testsuite hostname="DESKTOP-U33MU1L" failures="0" tests="3" name="projectTestCases.BrandsTestCase" time="14.656" errors="0" timestamp="2024-06-26T16:57:51 IST" skipped="0">
  <testcase classname="projectTestCases.BrandsTestCase" name="logIn" time="4.412"/>
  <testcase classname="projectTestCases.BrandsTestCase" name="addBrands" time="8.054"/>
  <testcase classname="projectTestCases.BrandsTestCase" name="SearchCategory" time="2.190"/>
</testsuite> <!-- projectTestCases.BrandsTestCase -->
