<?xml version="1.0" encoding="UTF-8"?>
<!-- Generated by org.testng.reporters.JUnitReportReporter -->
<testsuite hostname="DESKTOP-U33MU1L" failures="0" tests="4" name="parallelTestCases.UnitTestCase" time="16.191" errors="0" timestamp="2024-07-03T11:56:19 IST" skipped="0">
  <testcase classname="parallelTestCases.UnitTestCase" name="logIn" time="4.435"/>
  <testcase classname="parallelTestCases.UnitTestCase" name="Add_units" time="3.650"/>
  <testcase classname="parallelTestCases.UnitTestCase" name="search_units" time="2.306"/>
  <testcase classname="parallelTestCases.UnitTestCase" name="deleteUnits" time="5.800"/>
</testsuite> <!-- parallelTestCases.UnitTestCase -->
