<?xml version="1.0" encoding="UTF-8"?>
<!-- Generated by org.testng.reporters.JUnitReportReporter -->
<testsuite hostname="DESKTOP-U33MU1L" failures="0" tests="4" name="projectTestCases.UnitTestCase" time="20.015" errors="0" timestamp="2024-06-21T16:20:19 IST" skipped="0">
  <testcase classname="projectTestCases.UnitTestCase" name="logIn" time="3.016"/>
  <testcase classname="projectTestCases.UnitTestCase" name="Add_units" time="8.116"/>
  <testcase classname="projectTestCases.UnitTestCase" name="search_units" time="2.195"/>
  <testcase classname="projectTestCases.UnitTestCase" name="deleteUnits" time="6.688"/>
</testsuite> <!-- projectTestCases.UnitTestCase -->
