<?xml version="1.0" encoding="UTF-8"?>
<!-- Generated by org.testng.reporters.JUnitReportReporter -->
<testsuite hostname="DESKTOP-U33MU1L" failures="0" tests="2" name="projectTestCases.AddProductTC" time="36.519" errors="0" timestamp="2024-06-26T16:56:03 IST" skipped="0">
  <testcase classname="projectTestCases.AddProductTC" name="logIn" time="4.127"/>
  <testcase classname="projectTestCases.AddProductTC" name="add_Product" time="32.392"/>
</testsuite> <!-- projectTestCases.AddProductTC -->
