<?xml version="1.0" encoding="UTF-8"?>
<!-- Generated by org.testng.reporters.JUnitReportReporter -->
<testsuite hostname="DESKTOP-F4KG0T8" failures="0" tests="3" name="testCases.UnitTestCase" time="11.947" errors="0" timestamp="2024-07-04T01:05:36 IST" skipped="0">
  <testcase classname="testCases.UnitTestCase" name="Add_units" time="3.674"/>
  <testcase classname="testCases.UnitTestCase" name="search_units" time="2.376"/>
  <testcase classname="testCases.UnitTestCase" name="deleteUnits" time="5.897"/>
</testsuite> <!-- testCases.UnitTestCase -->
