<?xml version="1.0" encoding="UTF-8"?>
<!-- Generated by org.testng.reporters.JUnitReportReporter -->
<testsuite hostname="DESKTOP-U33MU1L" failures="0" tests="3" name="sequential.UnitTestCase" time="17.503" errors="0" timestamp="2024-07-03T11:17:57 IST" skipped="0">
  <testcase classname="sequential.UnitTestCase" name="Add_units" time="8.434"/>
  <testcase classname="sequential.UnitTestCase" name="search_units" time="2.305"/>
  <testcase classname="sequential.UnitTestCase" name="deleteUnits" time="6.764"/>
</testsuite> <!-- sequential.UnitTestCase -->
