<?xml version="1.0" encoding="UTF-8"?>
<!-- Generated by org.testng.reporters.JUnitReportReporter -->
<testsuite hostname="DESKTOP-U33MU1L" failures="0" tests="4" name="projectTestCases.CategoryTC" time="26.042" errors="0" timestamp="2024-06-26T17:00:16 IST" skipped="0">
  <testcase classname="projectTestCases.CategoryTC" name="logIn" time="5.875"/>
  <testcase classname="projectTestCases.CategoryTC" name="add_category" time="8.170"/>
  <testcase classname="projectTestCases.CategoryTC" name="SearchCategory" time="4.206"/>
  <testcase classname="projectTestCases.CategoryTC" name="deleteCategory" time="7.791"/>
</testsuite> <!-- projectTestCases.CategoryTC -->
