<?xml version="1.0" encoding="UTF-8"?>
<!-- Generated by org.testng.reporters.JUnitReportReporter -->
<testsuite hostname="DESKTOP-U33MU1L" failures="0" tests="3" name="parallelTestCases.BrandsTestCase" time="10.509" errors="0" timestamp="2024-07-03T18:56:33 IST" skipped="0">
  <testcase classname="parallelTestCases.BrandsTestCase" name="logIn" time="4.844"/>
  <testcase classname="parallelTestCases.BrandsTestCase" name="addBrands" time="3.371"/>
  <testcase classname="parallelTestCases.BrandsTestCase" name="SearchCategory" time="2.294"/>
</testsuite> <!-- parallelTestCases.BrandsTestCase -->
