<?xml version="1.0" encoding="UTF-8"?>
<!-- Generated by org.testng.reporters.JUnitReportReporter -->
<testsuite hostname="DESKTOP-U33MU1L" failures="0" tests="4" name="crossBrowser.UnitTestCase" time="14.475" errors="0" timestamp="2024-07-03T19:33:50 IST" skipped="0">
  <testcase classname="crossBrowser.UnitTestCase" name="logIn" time="3.233"/>
  <testcase classname="crossBrowser.UnitTestCase" name="Add_units" time="3.174"/>
  <testcase classname="crossBrowser.UnitTestCase" name="search_units" time="2.230"/>
  <testcase classname="crossBrowser.UnitTestCase" name="deleteUnits" time="5.838"/>
</testsuite> <!-- crossBrowser.UnitTestCase -->
