<?xml version="1.0" encoding="UTF-8"?>
<!-- Generated by org.testng.reporters.JUnitReportReporter -->
<testsuite hostname="DESKTOP-U33MU1L" failures="0" tests="2" name="parallelTestCases.AddProductTC" time="19.628" errors="0" timestamp="2024-07-03T19:21:09 IST" skipped="0">
  <testcase classname="parallelTestCases.AddProductTC" name="logIn" time="5.738"/>
  <testcase classname="parallelTestCases.AddProductTC" name="addProduct" time="13.890"/>
</testsuite> <!-- parallelTestCases.AddProductTC -->
